<?xml version="1.0" encoding="UTF-8"?>
<testsuite name="firstgradleproject.AppTest" tests="1" skipped="0" failures="0" errors="0" timestamp="2023-08-04T11:13:00" hostname="DESKTOP-TRRO05H" time="0.002">
  <properties/>
  <testcase name="appHasAGreeting" classname="firstgradleproject.AppTest" time="0.002"/>
  <system-out><![CDATA[]]></system-out>
  <system-err><![CDATA[]]></system-err>
</testsuite>
